2025-10-27 15:48:20,294 INFO o.a.j.u.JMeterUtils: Setting Locale to en_EN
2025-10-27 15:48:20,318 INFO o.a.j.JMeter: Loading user properties from: /opt/jmeter/bin/user.properties
2025-10-27 15:48:20,318 INFO o.a.j.JMeter: Loading system properties from: /opt/jmeter/bin/system.properties
2025-10-27 15:48:20,328 INFO o.a.j.JMeter: Copyright (c) 1998-2024 The Apache Software Foundation
2025-10-27 15:48:20,328 INFO o.a.j.JMeter: Version 5.6.3
2025-10-27 15:48:20,328 INFO o.a.j.JMeter: java.version=21.0.8
2025-10-27 15:48:20,328 INFO o.a.j.JMeter: java.vm.name=OpenJDK 64-Bit Server VM
2025-10-27 15:48:20,329 INFO o.a.j.JMeter: os.name=Linux
2025-10-27 15:48:20,329 INFO o.a.j.JMeter: os.arch=amd64
2025-10-27 15:48:20,329 INFO o.a.j.JMeter: os.version=6.14.0-32-generic
2025-10-27 15:48:20,329 INFO o.a.j.JMeter: file.encoding=UTF-8
2025-10-27 15:48:20,329 INFO o.a.j.JMeter: java.awt.headless=true
2025-10-27 15:48:20,329 INFO o.a.j.JMeter: Max memory     =1073741824
2025-10-27 15:48:20,329 INFO o.a.j.JMeter: Available Processors =2
2025-10-27 15:48:20,341 INFO o.a.j.JMeter: Default Locale=English (EN)
2025-10-27 15:48:20,342 INFO o.a.j.JMeter: JMeter  Locale=English (EN)
2025-10-27 15:48:20,342 INFO o.a.j.JMeter: JMeterHome=/opt/jmeter
2025-10-27 15:48:20,342 INFO o.a.j.JMeter: user.dir  =/home/admin1/Dokumente/Playlist-Builder
2025-10-27 15:48:20,342 INFO o.a.j.JMeter: PWD       =/home/admin1/Dokumente/Playlist-Builder
2025-10-27 15:48:20,343 INFO o.a.j.JMeter: IP: 127.0.1.1 Name: admin1-VMware-Virtual-Platform FullName: admin1-VMware-Virtual-Platform
2025-10-27 15:48:20,361 ERROR o.a.j.JMeter: An error occurred: 
java.lang.IllegalArgumentException: Cannot write to '/home/admin1/Dokumente/Playlist-Builder/reports' as folder is not empty
	at org.apache.jorphan.util.JOrphanUtils.canSafelyWriteToFolder(JOrphanUtils.java:664) ~[jorphan.jar:5.6.3]
	at org.apache.jorphan.util.JOrphanUtils.canSafelyWriteToFolder(JOrphanUtils.java:620) ~[jorphan.jar:5.6.3]
	at org.apache.jmeter.JMeter.extractAndSetReportOutputFolder(JMeter.java:542) ~[ApacheJMeter_core.jar:5.6.3]
	at org.apache.jmeter.JMeter.start(JMeter.java:492) [ApacheJMeter_core.jar:5.6.3]
	at java.base/jdk.internal.reflect.DirectMethodHandleAccessor.invoke(DirectMethodHandleAccessor.java:103) ~[?:?]
	at java.base/java.lang.reflect.Method.invoke(Method.java:580) ~[?:?]
	at org.apache.jmeter.NewDriver.main(NewDriver.java:259) [ApacheJMeter.jar:5.6.3]
